<?xml version="1.0" encoding="UTF-8"?>
<!-- Generated by org.testng.reporters.JUnitReportReporter -->
<testsuite skipped="0" hostname="PUNITP143902L" name="runner.TestRunner" tests="2" failures="0" timestamp="04 Feb 2018 14:43:01 GMT" time="219.961" errors="0">
  <testcase name="feature" time="92.005" classname="runner.TestRunner"/>
  <testcase name="feature" time="127.956" classname="runner.TestRunner"/>
</testsuite> <!-- runner.TestRunner -->
